<?xml version="1.0" encoding="UTF-8"?>
<!-- Generated by org.testng.reporters.JUnitReportReporter -->
<testsuite hostname="TYSS-Chaithra" failures="0" tests="1" name="organizationTest.CreateOrgTest" time="0.017" errors="0" timestamp="2022-12-17T16:36:47 IST" skipped="0">
  <testcase classname="organizationTest.CreateOrgTest" name="tc_215_CreateOrgWithMnadatoryFieldsTest" time="0.017"/>
  <system-out/>
</testsuite> <!-- organizationTest.CreateOrgTest -->
