<?xml version="1.0" encoding="UTF-8"?>
<!-- Generated by org.testng.reporters.JUnitReportReporter -->
<testsuite hostname="TYSS-Chaithra" failures="0" tests="1" name="demo.Sample" time="0.017" errors="0" timestamp="2022-12-14T16:33:42 IST" skipped="0">
  <testcase classname="demo.Sample" name="sampleTest" time="0.017"/>
  <system-out/>
</testsuite> <!-- demo.Sample -->
